任务开始运行于 r4518u05n01.misha.ycrc.yale.edu at Tue Dec 16 01:28:55 EST 2025
CUDA_VISIBLE_DEVICES: 0
正在使用的显卡信息：
NVIDIA A40
+ python -u src/train_rl_v2.py --variants_path ./data/branin_family_variants.npz --model_path ./model/finetuned_tabpfn_branin_family.ckpt --total_episodes 2000 --max_steps 20 --n_candidates 128 --hidden_dim 64 --n_cross_attn_layers 2 --update_every 10 --save_every 200 --save_dir ./runs/ppo_bo_1216v1 --seed 42
/gpfs/radev/pi/cohan/yz979/environment/miniconda3/envs/fl_test/lib/python3.11/site-packages/torch/cuda/__init__.py:61: FutureWarning: The pynvml package is deprecated. Please install nvidia-ml-py instead. If you did not install pynvml directly, please report this to the maintainers of the package that installed pynvml for you.
  import pynvml  # type: ignore[import]

======================================================================
PPO 双塔 Cross-Attention 贝叶斯优化训练 (v2)
======================================================================
Device: cuda
Total Episodes: 2000
Max Steps per Episode: 20
Candidates per Step: 128
Update Every: 10 episodes
Save Dir: ./runs/ppo_bo_1216v1
网络: hidden=64, self_attn=2, cross_attn=2, heads=4
======================================================================

TensorBoard 日志目录: ./runs/ppo_bo_1216v1/tensorboard
环境已创建: 32 个 Branin 变体
PPO 网络参数量: 216,580

开始训练...


======================================================================
Episode 10/2000 | 进度: 0.5%
时间: 1.2分钟 | ETA: 236.4分钟 | 速度: 0.14 ep/s
----------------------------------------------------------------------
最近10轮: Avg Reward=3.784 | Avg Regret=4.0810 | Min Regret=0.5756
历史最佳: Avg Regret=4.0810 @ Episode 10
Loss: Policy=-0.1672 | Value=6.1662 | Entropy=4.8391
======================================================================

======================================================================
Episode 20/2000 | 进度: 1.0%
时间: 2.2分钟 | ETA: 218.7分钟 | 速度: 0.15 ep/s
----------------------------------------------------------------------
最近20轮: Avg Reward=5.607 | Avg Regret=3.7251 | Min Regret=0.0433
历史最佳: Avg Regret=3.7251 @ Episode 20
Loss: Policy=0.0558 | Value=4.4765 | Entropy=4.8399
======================================================================

======================================================================
Episode 30/2000 | 进度: 1.5%
时间: 3.2分钟 | ETA: 212.0分钟 | 速度: 0.15 ep/s
----------------------------------------------------------------------
最近30轮: Avg Reward=5.755 | Avg Regret=3.7655 | Min Regret=0.0433
历史最佳: Avg Regret=3.5396 @ Episode 28
Loss: Policy=0.0063 | Value=2.6652 | Entropy=4.8412
======================================================================

======================================================================
Episode 40/2000 | 进度: 2.0%
时间: 4.2分钟 | ETA: 208.2分钟 | 速度: 0.16 ep/s
----------------------------------------------------------------------
最近40轮: Avg Reward=5.631 | Avg Regret=4.2723 | Min Regret=0.0433
历史最佳: Avg Regret=3.5396 @ Episode 28
Loss: Policy=-0.4428 | Value=0.7276 | Entropy=4.8471
======================================================================

======================================================================
Episode 50/2000 | 进度: 2.5%
时间: 5.3分钟 | ETA: 205.9分钟 | 速度: 0.16 ep/s
----------------------------------------------------------------------
最近50轮: Avg Reward=4.956 | Avg Regret=4.2130 | Min Regret=0.0433
历史最佳: Avg Regret=3.5396 @ Episode 28
Loss: Policy=0.3866 | Value=0.1338 | Entropy=4.8449
======================================================================

======================================================================
Episode 60/2000 | 进度: 3.0%
时间: 6.3分钟 | ETA: 203.8分钟 | 速度: 0.16 ep/s
----------------------------------------------------------------------
最近60轮: Avg Reward=4.791 | Avg Regret=4.1342 | Min Regret=0.0433
历史最佳: Avg Regret=3.5396 @ Episode 28
Loss: Policy=-0.2042 | Value=1.7150 | Entropy=4.8364
======================================================================

======================================================================
Episode 70/2000 | 进度: 3.5%
时间: 7.3分钟 | ETA: 202.1分钟 | 速度: 0.16 ep/s
----------------------------------------------------------------------
最近70轮: Avg Reward=5.142 | Avg Regret=3.9149 | Min Regret=0.0433
历史最佳: Avg Regret=3.5396 @ Episode 28
Loss: Policy=0.2185 | Value=6.9426 | Entropy=4.8358
======================================================================

======================================================================
Episode 80/2000 | 进度: 4.0%
时间: 8.3分钟 | ETA: 200.4分钟 | 速度: 0.16 ep/s
----------------------------------------------------------------------
最近80轮: Avg Reward=5.224 | Avg Regret=3.6823 | Min Regret=0.0433
历史最佳: Avg Regret=3.5396 @ Episode 28
Loss: Policy=0.1666 | Value=1.7644 | Entropy=4.8404
======================================================================

======================================================================
Episode 90/2000 | 进度: 4.5%
时间: 9.4分钟 | ETA: 198.7分钟 | 速度: 0.16 ep/s
----------------------------------------------------------------------
最近90轮: Avg Reward=5.208 | Avg Regret=3.6553 | Min Regret=0.0433
历史最佳: Avg Regret=3.5396 @ Episode 28
Loss: Policy=0.0974 | Value=0.7918 | Entropy=4.8440
======================================================================

======================================================================
Episode 100/2000 | 进度: 5.0%
时间: 10.4分钟 | ETA: 197.1分钟 | 速度: 0.16 ep/s
----------------------------------------------------------------------
最近100轮: Avg Reward=5.143 | Avg Regret=3.6822 | Min Regret=0.0433
历史最佳: Avg Regret=3.5396 @ Episode 28
Loss: Policy=-0.6048 | Value=5.1608 | Entropy=4.8423
======================================================================

======================================================================
Episode 110/2000 | 进度: 5.5%
时间: 11.4分钟 | ETA: 195.6分钟 | 速度: 0.16 ep/s
----------------------------------------------------------------------
最近100轮: Avg Reward=5.420 | Avg Regret=3.7386 | Min Regret=0.0433
历史最佳: Avg Regret=3.5396 @ Episode 28
Loss: Policy=0.3808 | Value=1.8204 | Entropy=4.8417
======================================================================

======================================================================
Episode 120/2000 | 进度: 6.0%
时间: 12.4分钟 | ETA: 194.4分钟 | 速度: 0.16 ep/s
----------------------------------------------------------------------
最近100轮: Avg Reward=5.181 | Avg Regret=3.6913 | Min Regret=0.0711
历史最佳: Avg Regret=3.5396 @ Episode 28
Loss: Policy=-0.1242 | Value=6.6930 | Entropy=4.8436
======================================================================

======================================================================
Episode 130/2000 | 进度: 6.5%
时间: 13.4分钟 | ETA: 193.3分钟 | 速度: 0.16 ep/s
----------------------------------------------------------------------
最近100轮: Avg Reward=5.289 | Avg Regret=3.4616 | Min Regret=0.0711
历史最佳: Avg Regret=3.4616 @ Episode 130
Loss: Policy=0.2294 | Value=1.6324 | Entropy=4.8333
======================================================================

======================================================================
Episode 140/2000 | 进度: 7.0%
时间: 14.5分钟 | ETA: 192.0分钟 | 速度: 0.16 ep/s
----------------------------------------------------------------------
最近100轮: Avg Reward=5.484 | Avg Regret=3.2144 | Min Regret=0.0339
历史最佳: Avg Regret=3.1657 @ Episode 135
Loss: Policy=0.5456 | Value=2.3542 | Entropy=4.8405
======================================================================

======================================================================
Episode 150/2000 | 进度: 7.5%
时间: 15.5分钟 | ETA: 191.0分钟 | 速度: 0.16 ep/s
----------------------------------------------------------------------
最近100轮: Avg Reward=5.787 | Avg Regret=3.1299 | Min Regret=0.0339
历史最佳: Avg Regret=3.1059 @ Episode 145
Loss: Policy=0.4973 | Value=2.2519 | Entropy=4.8429
======================================================================

======================================================================
Episode 160/2000 | 进度: 8.0%
时间: 16.5分钟 | ETA: 189.8分钟 | 速度: 0.16 ep/s
----------------------------------------------------------------------
最近100轮: Avg Reward=5.996 | Avg Regret=3.3089 | Min Regret=0.0339
历史最佳: Avg Regret=3.1059 @ Episode 145
Loss: Policy=0.5962 | Value=1.4326 | Entropy=4.8376
======================================================================

======================================================================
Episode 170/2000 | 进度: 8.5%
时间: 17.5分钟 | ETA: 188.7分钟 | 速度: 0.16 ep/s
----------------------------------------------------------------------
最近100轮: Avg Reward=5.932 | Avg Regret=3.2183 | Min Regret=-0.0011
历史最佳: Avg Regret=3.1059 @ Episode 145
Loss: Policy=0.1462 | Value=2.5926 | Entropy=4.8481
======================================================================

======================================================================
Episode 180/2000 | 进度: 9.0%
时间: 18.5分钟 | ETA: 187.4分钟 | 速度: 0.16 ep/s
----------------------------------------------------------------------
最近100轮: Avg Reward=6.032 | Avg Regret=3.4100 | Min Regret=-0.0011
历史最佳: Avg Regret=3.1059 @ Episode 145
Loss: Policy=0.2220 | Value=2.7115 | Entropy=4.8440
======================================================================
analytics-python queue is full
analytics-python queue is full
analytics-python queue is full
analytics-python queue is full
analytics-python queue is full
analytics-python queue is full
analytics-python queue is full
analytics-python queue is full

======================================================================
Episode 190/2000 | 进度: 9.5%
时间: 19.5分钟 | ETA: 186.2分钟 | 速度: 0.16 ep/s
----------------------------------------------------------------------
最近100轮: Avg Reward=6.283 | Avg Regret=3.5098 | Min Regret=-0.0011
历史最佳: Avg Regret=3.1059 @ Episode 145
Loss: Policy=-0.0407 | Value=7.7253 | Entropy=4.8375
======================================================================

======================================================================
Episode 200/2000 | 进度: 10.0%
时间: 20.6分钟 | ETA: 185.1分钟 | 速度: 0.16 ep/s
----------------------------------------------------------------------
最近100轮: Avg Reward=6.443 | Avg Regret=3.2803 | Min Regret=-0.0011
历史最佳: Avg Regret=3.1059 @ Episode 145
Loss: Policy=-0.1967 | Value=1.8690 | Entropy=4.8223
======================================================================

模型已保存: ./runs/ppo_bo_1216v1/ppo_ep200.pt

======================================================================
Episode 210/2000 | 进度: 10.5%
时间: 21.6分钟 | ETA: 184.2分钟 | 速度: 0.16 ep/s
----------------------------------------------------------------------
最近100轮: Avg Reward=6.258 | Avg Regret=3.1242 | Min Regret=-0.0011
历史最佳: Avg Regret=3.1059 @ Episode 145
Loss: Policy=-0.0788 | Value=2.7023 | Entropy=4.8001
======================================================================

======================================================================
Episode 220/2000 | 进度: 11.0%
时间: 22.6分钟 | ETA: 183.2分钟 | 速度: 0.16 ep/s
----------------------------------------------------------------------
最近100轮: Avg Reward=6.438 | Avg Regret=3.1049 | Min Regret=-0.0011
历史最佳: Avg Regret=3.0882 @ Episode 214
Loss: Policy=-0.2124 | Value=4.6804 | Entropy=4.7801
======================================================================

======================================================================
Episode 230/2000 | 进度: 11.5%
时间: 23.7分钟 | ETA: 182.1分钟 | 速度: 0.16 ep/s
----------------------------------------------------------------------
最近100轮: Avg Reward=6.273 | Avg Regret=3.1634 | Min Regret=-0.0011
历史最佳: Avg Regret=3.0882 @ Episode 214
Loss: Policy=0.3277 | Value=3.2158 | Entropy=4.7507
======================================================================

======================================================================
Episode 240/2000 | 进度: 12.0%
时间: 24.7分钟 | ETA: 181.0分钟 | 速度: 0.16 ep/s
----------------------------------------------------------------------
最近100轮: Avg Reward=5.865 | Avg Regret=3.5103 | Min Regret=-0.0011
历史最佳: Avg Regret=3.0882 @ Episode 214
Loss: Policy=0.5514 | Value=1.0532 | Entropy=4.7721
======================================================================

======================================================================
Episode 250/2000 | 进度: 12.5%
时间: 25.7分钟 | ETA: 179.9分钟 | 速度: 0.16 ep/s
----------------------------------------------------------------------
最近100轮: Avg Reward=5.845 | Avg Regret=3.4319 | Min Regret=-0.0011
历史最佳: Avg Regret=3.0882 @ Episode 214
Loss: Policy=0.2557 | Value=4.8948 | Entropy=4.7470
======================================================================

======================================================================
Episode 260/2000 | 进度: 13.0%
时间: 26.7分钟 | ETA: 178.7分钟 | 速度: 0.16 ep/s
----------------------------------------------------------------------
最近100轮: Avg Reward=5.511 | Avg Regret=3.2518 | Min Regret=-0.0011
历史最佳: Avg Regret=3.0882 @ Episode 214
Loss: Policy=-0.7138 | Value=4.3126 | Entropy=4.7737
======================================================================

======================================================================
Episode 270/2000 | 进度: 13.5%
时间: 27.7分钟 | ETA: 177.7分钟 | 速度: 0.16 ep/s
----------------------------------------------------------------------
最近100轮: Avg Reward=5.476 | Avg Regret=3.5445 | Min Regret=0.0035
历史最佳: Avg Regret=3.0882 @ Episode 214
Loss: Policy=0.1942 | Value=3.7680 | Entropy=4.7387
======================================================================

======================================================================
Episode 280/2000 | 进度: 14.0%
时间: 28.8分钟 | ETA: 176.7分钟 | 速度: 0.16 ep/s
----------------------------------------------------------------------
最近100轮: Avg Reward=5.208 | Avg Regret=3.4395 | Min Regret=0.0906
历史最佳: Avg Regret=3.0882 @ Episode 214
Loss: Policy=0.2941 | Value=3.3640 | Entropy=4.7299
======================================================================

======================================================================
Episode 290/2000 | 进度: 14.5%
时间: 29.8分钟 | ETA: 175.8分钟 | 速度: 0.16 ep/s
----------------------------------------------------------------------
最近100轮: Avg Reward=4.998 | Avg Regret=3.2677 | Min Regret=0.0906
历史最佳: Avg Regret=3.0882 @ Episode 214
Loss: Policy=0.0553 | Value=2.2740 | Entropy=4.7922
======================================================================

======================================================================
Episode 300/2000 | 进度: 15.0%
时间: 30.9分钟 | ETA: 175.0分钟 | 速度: 0.16 ep/s
----------------------------------------------------------------------
最近100轮: Avg Reward=4.857 | Avg Regret=3.5702 | Min Regret=0.0293
历史最佳: Avg Regret=3.0882 @ Episode 214
Loss: Policy=-0.7658 | Value=11.8058 | Entropy=4.7633
======================================================================

======================================================================
Episode 310/2000 | 进度: 15.5%
时间: 31.9分钟 | ETA: 174.0分钟 | 速度: 0.16 ep/s
----------------------------------------------------------------------
最近100轮: Avg Reward=5.119 | Avg Regret=3.7160 | Min Regret=0.0277
历史最佳: Avg Regret=3.0882 @ Episode 214
Loss: Policy=0.0661 | Value=3.6967 | Entropy=4.8026
======================================================================

======================================================================
Episode 320/2000 | 进度: 16.0%
时间: 33.0分钟 | ETA: 173.1分钟 | 速度: 0.16 ep/s
----------------------------------------------------------------------
最近100轮: Avg Reward=5.147 | Avg Regret=3.9308 | Min Regret=0.0112
历史最佳: Avg Regret=3.0882 @ Episode 214
Loss: Policy=0.0913 | Value=3.9759 | Entropy=4.7888
======================================================================

======================================================================
Episode 330/2000 | 进度: 16.5%
时间: 34.0分钟 | ETA: 172.2分钟 | 速度: 0.16 ep/s
----------------------------------------------------------------------
最近100轮: Avg Reward=5.255 | Avg Regret=4.0619 | Min Regret=0.0112
历史最佳: Avg Regret=3.0882 @ Episode 214
Loss: Policy=-0.1856 | Value=2.6573 | Entropy=4.8024
======================================================================

======================================================================
Episode 340/2000 | 进度: 17.0%
时间: 35.1分钟 | ETA: 171.3分钟 | 速度: 0.16 ep/s
----------------------------------------------------------------------
最近100轮: Avg Reward=5.346 | Avg Regret=3.7535 | Min Regret=0.0112
历史最佳: Avg Regret=3.0882 @ Episode 214
Loss: Policy=0.2336 | Value=1.6164 | Entropy=4.7573
======================================================================

======================================================================
Episode 350/2000 | 进度: 17.5%
时间: 36.2分钟 | ETA: 170.7分钟 | 速度: 0.16 ep/s
----------------------------------------------------------------------
最近100轮: Avg Reward=5.415 | Avg Regret=3.9703 | Min Regret=0.0112
历史最佳: Avg Regret=3.0882 @ Episode 214
Loss: Policy=-0.2178 | Value=4.9827 | Entropy=4.7610
======================================================================

======================================================================
Episode 360/2000 | 进度: 18.0%
时间: 37.4分钟 | ETA: 170.4分钟 | 速度: 0.16 ep/s
----------------------------------------------------------------------
最近100轮: Avg Reward=5.799 | Avg Regret=3.8766 | Min Regret=0.0112
历史最佳: Avg Regret=3.0882 @ Episode 214
Loss: Policy=0.4049 | Value=4.8806 | Entropy=4.7759
======================================================================

======================================================================
Episode 370/2000 | 进度: 18.5%
时间: 38.4分钟 | ETA: 169.4分钟 | 速度: 0.16 ep/s
----------------------------------------------------------------------
最近100轮: Avg Reward=5.807 | Avg Regret=3.7155 | Min Regret=0.0112
历史最佳: Avg Regret=3.0882 @ Episode 214
Loss: Policy=0.1586 | Value=2.2187 | Entropy=4.7819
======================================================================

======================================================================
Episode 380/2000 | 进度: 19.0%
时间: 39.5分钟 | ETA: 168.3分钟 | 速度: 0.16 ep/s
----------------------------------------------------------------------
最近100轮: Avg Reward=6.006 | Avg Regret=3.7046 | Min Regret=0.0112
历史最佳: Avg Regret=3.0882 @ Episode 214
Loss: Policy=0.1833 | Value=2.1630 | Entropy=4.8041
======================================================================

======================================================================
Episode 390/2000 | 进度: 19.5%
时间: 40.5分钟 | ETA: 167.3分钟 | 速度: 0.16 ep/s
----------------------------------------------------------------------
最近100轮: Avg Reward=5.954 | Avg Regret=3.8265 | Min Regret=0.0112
历史最佳: Avg Regret=3.0882 @ Episode 214
Loss: Policy=0.2270 | Value=0.2814 | Entropy=4.8226
======================================================================

======================================================================
Episode 400/2000 | 进度: 20.0%
时间: 41.6分钟 | ETA: 166.3分钟 | 速度: 0.16 ep/s
----------------------------------------------------------------------
最近100轮: Avg Reward=6.126 | Avg Regret=3.6741 | Min Regret=0.0112
历史最佳: Avg Regret=3.0882 @ Episode 214
Loss: Policy=0.3601 | Value=4.0618 | Entropy=4.8248
======================================================================

模型已保存: ./runs/ppo_bo_1216v1/ppo_ep400.pt

======================================================================
Episode 410/2000 | 进度: 20.5%
时间: 42.6分钟 | ETA: 165.2分钟 | 速度: 0.16 ep/s
----------------------------------------------------------------------
最近100轮: Avg Reward=6.027 | Avg Regret=3.6145 | Min Regret=0.0112
历史最佳: Avg Regret=3.0882 @ Episode 214
Loss: Policy=0.3868 | Value=3.9688 | Entropy=4.7912
======================================================================

======================================================================
Episode 420/2000 | 进度: 21.0%
时间: 43.6分钟 | ETA: 164.1分钟 | 速度: 0.16 ep/s
----------------------------------------------------------------------
最近100轮: Avg Reward=5.847 | Avg Regret=3.5569 | Min Regret=0.0344
历史最佳: Avg Regret=3.0882 @ Episode 214
Loss: Policy=-0.1441 | Value=8.5876 | Entropy=4.7207
======================================================================

======================================================================
Episode 430/2000 | 进度: 21.5%
时间: 44.6分钟 | ETA: 163.0分钟 | 速度: 0.16 ep/s
----------------------------------------------------------------------
最近100轮: Avg Reward=5.611 | Avg Regret=3.6691 | Min Regret=0.0344
历史最佳: Avg Regret=3.0882 @ Episode 214
Loss: Policy=-0.3423 | Value=0.4185 | Entropy=4.7830
======================================================================

======================================================================
Episode 440/2000 | 进度: 22.0%
时间: 45.7分钟 | ETA: 162.0分钟 | 速度: 0.16 ep/s
----------------------------------------------------------------------
最近100轮: Avg Reward=5.830 | Avg Regret=3.7353 | Min Regret=0.0344
历史最佳: Avg Regret=3.0882 @ Episode 214
Loss: Policy=-0.1334 | Value=3.4709 | Entropy=4.8114
======================================================================

======================================================================
Episode 450/2000 | 进度: 22.5%
时间: 46.7分钟 | ETA: 161.0分钟 | 速度: 0.16 ep/s
----------------------------------------------------------------------
最近100轮: Avg Reward=5.729 | Avg Regret=3.7198 | Min Regret=0.0344
历史最佳: Avg Regret=3.0882 @ Episode 214
Loss: Policy=0.1648 | Value=2.3231 | Entropy=4.7881
======================================================================

======================================================================
Episode 460/2000 | 进度: 23.0%
时间: 47.9分钟 | ETA: 160.3分钟 | 速度: 0.16 ep/s
----------------------------------------------------------------------
最近100轮: Avg Reward=5.374 | Avg Regret=3.8013 | Min Regret=0.0344
历史最佳: Avg Regret=3.0882 @ Episode 214
Loss: Policy=0.2370 | Value=1.0194 | Entropy=4.7803
======================================================================

======================================================================
Episode 470/2000 | 进度: 23.5%
时间: 49.0分钟 | ETA: 159.4分钟 | 速度: 0.16 ep/s
----------------------------------------------------------------------
最近100轮: Avg Reward=5.263 | Avg Regret=3.7864 | Min Regret=0.0344
历史最佳: Avg Regret=3.0882 @ Episode 214
Loss: Policy=-0.0429 | Value=0.3671 | Entropy=4.7413
======================================================================

======================================================================
Episode 480/2000 | 进度: 24.0%
时间: 50.0分钟 | ETA: 158.3分钟 | 速度: 0.16 ep/s
----------------------------------------------------------------------
最近100轮: Avg Reward=5.027 | Avg Regret=3.9248 | Min Regret=0.0344
历史最佳: Avg Regret=3.0882 @ Episode 214
Loss: Policy=-0.1313 | Value=5.8023 | Entropy=4.6748
======================================================================

======================================================================
Episode 490/2000 | 进度: 24.5%
时间: 51.0分钟 | ETA: 157.2分钟 | 速度: 0.16 ep/s
----------------------------------------------------------------------
最近100轮: Avg Reward=5.274 | Avg Regret=3.8163 | Min Regret=0.0701
历史最佳: Avg Regret=3.0882 @ Episode 214
Loss: Policy=0.4424 | Value=0.8669 | Entropy=4.7103
======================================================================

======================================================================
Episode 500/2000 | 进度: 25.0%
时间: 52.0分钟 | ETA: 156.1分钟 | 速度: 0.16 ep/s
----------------------------------------------------------------------
最近100轮: Avg Reward=5.330 | Avg Regret=4.0568 | Min Regret=0.0701
历史最佳: Avg Regret=3.0882 @ Episode 214
Loss: Policy=-0.0657 | Value=1.6324 | Entropy=4.6993
======================================================================

======================================================================
Episode 510/2000 | 进度: 25.5%
时间: 53.0分钟 | ETA: 154.9分钟 | 速度: 0.16 ep/s
----------------------------------------------------------------------
最近100轮: Avg Reward=5.229 | Avg Regret=4.0653 | Min Regret=0.0701
历史最佳: Avg Regret=3.0882 @ Episode 214
Loss: Policy=-0.2345 | Value=3.6260 | Entropy=4.6202
======================================================================

======================================================================
Episode 520/2000 | 进度: 26.0%
时间: 54.0分钟 | ETA: 153.8分钟 | 速度: 0.16 ep/s
----------------------------------------------------------------------
最近100轮: Avg Reward=5.212 | Avg Regret=3.9799 | Min Regret=0.0701
历史最佳: Avg Regret=3.0882 @ Episode 214
Loss: Policy=-0.4978 | Value=3.2920 | Entropy=4.6257
======================================================================

======================================================================
Episode 530/2000 | 进度: 26.5%
时间: 55.1分钟 | ETA: 152.8分钟 | 速度: 0.16 ep/s
----------------------------------------------------------------------
最近100轮: Avg Reward=5.584 | Avg Regret=3.7665 | Min Regret=0.0701
历史最佳: Avg Regret=3.0882 @ Episode 214
Loss: Policy=0.9539 | Value=11.1319 | Entropy=4.6514
======================================================================

======================================================================
Episode 540/2000 | 进度: 27.0%
时间: 56.1分钟 | ETA: 151.7分钟 | 速度: 0.16 ep/s
----------------------------------------------------------------------
最近100轮: Avg Reward=5.502 | Avg Regret=3.8024 | Min Regret=0.0701
历史最佳: Avg Regret=3.0882 @ Episode 214
Loss: Policy=0.1459 | Value=0.9068 | Entropy=4.7136
======================================================================

======================================================================
Episode 550/2000 | 进度: 27.5%
时间: 57.1分钟 | ETA: 150.6分钟 | 速度: 0.16 ep/s
----------------------------------------------------------------------
最近100轮: Avg Reward=5.473 | Avg Regret=3.7496 | Min Regret=0.0886
历史最佳: Avg Regret=3.0882 @ Episode 214
Loss: Policy=0.3433 | Value=1.4186 | Entropy=4.7946
======================================================================

======================================================================
Episode 560/2000 | 进度: 28.0%
时间: 58.2分钟 | ETA: 149.8分钟 | 速度: 0.16 ep/s
----------------------------------------------------------------------
最近100轮: Avg Reward=5.818 | Avg Regret=3.6444 | Min Regret=0.0449
历史最佳: Avg Regret=3.0882 @ Episode 214
Loss: Policy=0.1262 | Value=2.4191 | Entropy=4.7170
======================================================================

======================================================================
Episode 570/2000 | 进度: 28.5%
时间: 59.4分钟 | ETA: 149.0分钟 | 速度: 0.16 ep/s
----------------------------------------------------------------------
最近100轮: Avg Reward=5.784 | Avg Regret=3.8317 | Min Regret=0.0449
历史最佳: Avg Regret=3.0882 @ Episode 214
Loss: Policy=0.0338 | Value=1.2475 | Entropy=4.6953
======================================================================

======================================================================
Episode 580/2000 | 进度: 29.0%
时间: 60.4分钟 | ETA: 147.9分钟 | 速度: 0.16 ep/s
----------------------------------------------------------------------
最近100轮: Avg Reward=6.106 | Avg Regret=3.7028 | Min Regret=0.0449
历史最佳: Avg Regret=3.0882 @ Episode 214
Loss: Policy=0.3250 | Value=1.5820 | Entropy=4.7223
======================================================================

======================================================================
Episode 590/2000 | 进度: 29.5%
时间: 61.4分钟 | ETA: 146.8分钟 | 速度: 0.16 ep/s
----------------------------------------------------------------------
最近100轮: Avg Reward=5.793 | Avg Regret=3.8974 | Min Regret=0.0449
历史最佳: Avg Regret=3.0882 @ Episode 214
Loss: Policy=-0.1030 | Value=1.5031 | Entropy=4.7350
======================================================================

======================================================================
Episode 600/2000 | 进度: 30.0%
时间: 62.4分钟 | ETA: 145.7分钟 | 速度: 0.16 ep/s
----------------------------------------------------------------------
最近100轮: Avg Reward=5.561 | Avg Regret=3.9336 | Min Regret=0.0449
历史最佳: Avg Regret=3.0882 @ Episode 214
Loss: Policy=0.3754 | Value=2.9426 | Entropy=4.7217
======================================================================

模型已保存: ./runs/ppo_bo_1216v1/ppo_ep600.pt

======================================================================
Episode 610/2000 | 进度: 30.5%
时间: 63.5分钟 | ETA: 144.6分钟 | 速度: 0.16 ep/s
----------------------------------------------------------------------
最近100轮: Avg Reward=5.572 | Avg Regret=4.0786 | Min Regret=0.0449
历史最佳: Avg Regret=3.0882 @ Episode 214
Loss: Policy=0.2809 | Value=4.7417 | Entropy=4.7270
======================================================================

======================================================================
Episode 620/2000 | 进度: 31.0%
时间: 64.5分钟 | ETA: 143.5分钟 | 速度: 0.16 ep/s
----------------------------------------------------------------------
最近100轮: Avg Reward=5.652 | Avg Regret=4.1580 | Min Regret=0.0193
历史最佳: Avg Regret=3.0882 @ Episode 214
Loss: Policy=-0.4220 | Value=2.6129 | Entropy=4.6932
======================================================================

======================================================================
Episode 630/2000 | 进度: 31.5%
时间: 65.5分钟 | ETA: 142.5分钟 | 速度: 0.16 ep/s
----------------------------------------------------------------------
最近100轮: Avg Reward=5.597 | Avg Regret=4.0238 | Min Regret=0.0193
历史最佳: Avg Regret=3.0882 @ Episode 214
Loss: Policy=-0.2906 | Value=3.5746 | Entropy=4.7833
======================================================================

======================================================================
Episode 640/2000 | 进度: 32.0%
时间: 66.6分钟 | ETA: 141.4分钟 | 速度: 0.16 ep/s
----------------------------------------------------------------------
最近100轮: Avg Reward=5.869 | Avg Regret=3.7884 | Min Regret=0.0193
历史最佳: Avg Regret=3.0882 @ Episode 214
Loss: Policy=-0.4054 | Value=2.7135 | Entropy=4.7676
======================================================================

======================================================================
Episode 650/2000 | 进度: 32.5%
时间: 67.6分钟 | ETA: 140.4分钟 | 速度: 0.16 ep/s
----------------------------------------------------------------------
最近100轮: Avg Reward=5.967 | Avg Regret=3.6284 | Min Regret=0.0193
历史最佳: Avg Regret=3.0882 @ Episode 214
Loss: Policy=-0.0852 | Value=5.2548 | Entropy=4.7320
======================================================================

======================================================================
Episode 660/2000 | 进度: 33.0%
时间: 68.6分钟 | ETA: 139.3分钟 | 速度: 0.16 ep/s
----------------------------------------------------------------------
最近100轮: Avg Reward=6.080 | Avg Regret=3.5705 | Min Regret=0.0193
历史最佳: Avg Regret=3.0882 @ Episode 214
Loss: Policy=0.2161 | Value=1.8465 | Entropy=4.8028
======================================================================

======================================================================
Episode 670/2000 | 进度: 33.5%
时间: 69.8分钟 | ETA: 138.5分钟 | 速度: 0.16 ep/s
----------------------------------------------------------------------
最近100轮: Avg Reward=6.208 | Avg Regret=3.5494 | Min Regret=0.0193
历史最佳: Avg Regret=3.0882 @ Episode 214
Loss: Policy=0.3663 | Value=1.7642 | Entropy=4.7619
======================================================================

======================================================================
Episode 680/2000 | 进度: 34.0%
时间: 70.9分钟 | ETA: 137.6分钟 | 速度: 0.16 ep/s
----------------------------------------------------------------------
最近100轮: Avg Reward=6.189 | Avg Regret=3.4610 | Min Regret=0.0193
历史最佳: Avg Regret=3.0882 @ Episode 214
Loss: Policy=0.3468 | Value=2.7835 | Entropy=4.7677
======================================================================

======================================================================
Episode 690/2000 | 进度: 34.5%
时间: 71.9分钟 | ETA: 136.5分钟 | 速度: 0.16 ep/s
----------------------------------------------------------------------
最近100轮: Avg Reward=6.566 | Avg Regret=3.3620 | Min Regret=0.0193
历史最佳: Avg Regret=3.0882 @ Episode 214
Loss: Policy=-0.4248 | Value=1.7981 | Entropy=4.7315
======================================================================

======================================================================
Episode 700/2000 | 进度: 35.0%
时间: 72.9分钟 | ETA: 135.4分钟 | 速度: 0.16 ep/s
----------------------------------------------------------------------
最近100轮: Avg Reward=6.805 | Avg Regret=2.9871 | Min Regret=0.0193
历史最佳: Avg Regret=2.9871 @ Episode 700
Loss: Policy=-0.0668 | Value=3.9058 | Entropy=4.7907
======================================================================

======================================================================
Episode 710/2000 | 进度: 35.5%
时间: 73.9分钟 | ETA: 134.3分钟 | 速度: 0.16 ep/s
----------------------------------------------------------------------
最近100轮: Avg Reward=6.701 | Avg Regret=2.8289 | Min Regret=0.0193
历史最佳: Avg Regret=2.8289 @ Episode 710
Loss: Policy=-0.5176 | Value=16.2359 | Entropy=4.7589
======================================================================

======================================================================
Episode 720/2000 | 进度: 36.0%
时间: 75.0分钟 | ETA: 133.3分钟 | 速度: 0.16 ep/s
----------------------------------------------------------------------
最近100轮: Avg Reward=6.633 | Avg Regret=2.6570 | Min Regret=0.0328
历史最佳: Avg Regret=2.6543 @ Episode 715
Loss: Policy=0.3771 | Value=2.0875 | Entropy=4.8417
======================================================================

======================================================================
Episode 730/2000 | 进度: 36.5%
时间: 76.0分钟 | ETA: 132.2分钟 | 速度: 0.16 ep/s
----------------------------------------------------------------------
最近100轮: Avg Reward=6.633 | Avg Regret=2.7561 | Min Regret=0.0370
历史最佳: Avg Regret=2.6543 @ Episode 715
Loss: Policy=-0.4294 | Value=4.5919 | Entropy=4.7979
======================================================================

======================================================================
Episode 740/2000 | 进度: 37.0%
时间: 77.0分钟 | ETA: 131.1分钟 | 速度: 0.16 ep/s
----------------------------------------------------------------------
最近100轮: Avg Reward=6.298 | Avg Regret=3.0156 | Min Regret=0.0755
历史最佳: Avg Regret=2.6543 @ Episode 715
Loss: Policy=-0.8425 | Value=4.1315 | Entropy=4.7564
======================================================================

======================================================================
Episode 750/2000 | 进度: 37.5%
时间: 78.0分钟 | ETA: 130.1分钟 | 速度: 0.16 ep/s
----------------------------------------------------------------------
最近100轮: Avg Reward=6.374 | Avg Regret=3.1511 | Min Regret=0.0755
历史最佳: Avg Regret=2.6543 @ Episode 715
Loss: Policy=0.1361 | Value=2.5628 | Entropy=4.7461
======================================================================

======================================================================
Episode 760/2000 | 进度: 38.0%
时间: 79.1分钟 | ETA: 129.0分钟 | 速度: 0.16 ep/s
----------------------------------------------------------------------
最近100轮: Avg Reward=6.397 | Avg Regret=3.2064 | Min Regret=0.0755
历史最佳: Avg Regret=2.6543 @ Episode 715
Loss: Policy=-0.1203 | Value=5.6847 | Entropy=4.7796
======================================================================

======================================================================
Episode 770/2000 | 进度: 38.5%
时间: 80.2分钟 | ETA: 128.1分钟 | 速度: 0.16 ep/s
----------------------------------------------------------------------
最近100轮: Avg Reward=6.246 | Avg Regret=3.0413 | Min Regret=0.0934
历史最佳: Avg Regret=2.6543 @ Episode 715
Loss: Policy=0.3178 | Value=6.2873 | Entropy=4.7840
======================================================================

======================================================================
Episode 780/2000 | 进度: 39.0%
时间: 81.3分钟 | ETA: 127.2分钟 | 速度: 0.16 ep/s
----------------------------------------------------------------------
最近100轮: Avg Reward=6.151 | Avg Regret=3.1560 | Min Regret=0.1464
历史最佳: Avg Regret=2.6543 @ Episode 715
Loss: Policy=-0.0767 | Value=0.8496 | Entropy=4.7753
======================================================================

======================================================================
Episode 790/2000 | 进度: 39.5%
时间: 82.4分钟 | ETA: 126.1分钟 | 速度: 0.16 ep/s
----------------------------------------------------------------------
最近100轮: Avg Reward=5.834 | Avg Regret=3.0281 | Min Regret=-0.0010
历史最佳: Avg Regret=2.6543 @ Episode 715
Loss: Policy=-0.4812 | Value=11.4093 | Entropy=4.7977
======================================================================

======================================================================
Episode 800/2000 | 进度: 40.0%
时间: 83.4分钟 | ETA: 125.1分钟 | 速度: 0.16 ep/s
----------------------------------------------------------------------
最近100轮: Avg Reward=5.676 | Avg Regret=3.1500 | Min Regret=-0.0010
历史最佳: Avg Regret=2.6543 @ Episode 715
Loss: Policy=-0.3688 | Value=3.6333 | Entropy=4.7877
======================================================================

模型已保存: ./runs/ppo_bo_1216v1/ppo_ep800.pt

======================================================================
Episode 810/2000 | 进度: 40.5%
时间: 84.4分钟 | ETA: 124.0分钟 | 速度: 0.16 ep/s
----------------------------------------------------------------------
最近100轮: Avg Reward=5.762 | Avg Regret=3.0839 | Min Regret=-0.0010
历史最佳: Avg Regret=2.6543 @ Episode 715
Loss: Policy=-0.1908 | Value=2.6778 | Entropy=4.7925
======================================================================

======================================================================
Episode 820/2000 | 进度: 41.0%
时间: 85.5分钟 | ETA: 123.0分钟 | 速度: 0.16 ep/s
----------------------------------------------------------------------
最近100轮: Avg Reward=6.123 | Avg Regret=3.1899 | Min Regret=-0.0010
历史最佳: Avg Regret=2.6543 @ Episode 715
Loss: Policy=-0.0447 | Value=2.6283 | Entropy=4.7946
======================================================================

======================================================================
Episode 830/2000 | 进度: 41.5%
时间: 86.5分钟 | ETA: 121.9分钟 | 速度: 0.16 ep/s
----------------------------------------------------------------------
最近100轮: Avg Reward=6.000 | Avg Regret=3.3355 | Min Regret=-0.0010
历史最佳: Avg Regret=2.6543 @ Episode 715
Loss: Policy=0.2505 | Value=1.3197 | Entropy=4.7733
======================================================================

======================================================================
Episode 840/2000 | 进度: 42.0%
时间: 87.5分钟 | ETA: 120.9分钟 | 速度: 0.16 ep/s
----------------------------------------------------------------------
最近100轮: Avg Reward=6.308 | Avg Regret=3.1286 | Min Regret=-0.0010
历史最佳: Avg Regret=2.6543 @ Episode 715
Loss: Policy=-0.1916 | Value=1.5113 | Entropy=4.7901
======================================================================

======================================================================
Episode 850/2000 | 进度: 42.5%
时间: 88.6分钟 | ETA: 119.8分钟 | 速度: 0.16 ep/s
----------------------------------------------------------------------
最近100轮: Avg Reward=6.040 | Avg Regret=3.3064 | Min Regret=-0.0010
历史最佳: Avg Regret=2.6543 @ Episode 715
Loss: Policy=0.1379 | Value=0.9997 | Entropy=4.7749
======================================================================

======================================================================
Episode 860/2000 | 进度: 43.0%
时间: 89.6分钟 | ETA: 118.8分钟 | 速度: 0.16 ep/s
----------------------------------------------------------------------
最近100轮: Avg Reward=5.914 | Avg Regret=3.3691 | Min Regret=-0.0010
历史最佳: Avg Regret=2.6543 @ Episode 715
Loss: Policy=-0.2468 | Value=4.6630 | Entropy=4.7629
======================================================================

======================================================================
Episode 870/2000 | 进度: 43.5%
时间: 90.7分钟 | ETA: 117.8分钟 | 速度: 0.16 ep/s
----------------------------------------------------------------------
最近100轮: Avg Reward=6.111 | Avg Regret=3.3829 | Min Regret=-0.0010
历史最佳: Avg Regret=2.6543 @ Episode 715
Loss: Policy=-0.7411 | Value=6.6505 | Entropy=4.7066
======================================================================

======================================================================
Episode 880/2000 | 进度: 44.0%
时间: 91.9分钟 | ETA: 116.9分钟 | 速度: 0.16 ep/s
----------------------------------------------------------------------
最近100轮: Avg Reward=6.403 | Avg Regret=3.2728 | Min Regret=-0.0010
历史最佳: Avg Regret=2.6543 @ Episode 715
Loss: Policy=0.1995 | Value=17.8600 | Entropy=4.7525
======================================================================

======================================================================
Episode 890/2000 | 进度: 44.5%
时间: 92.9分钟 | ETA: 115.9分钟 | 速度: 0.16 ep/s
----------------------------------------------------------------------
最近100轮: Avg Reward=6.393 | Avg Regret=3.3976 | Min Regret=0.0058
历史最佳: Avg Regret=2.6543 @ Episode 715
Loss: Policy=0.3030 | Value=2.0952 | Entropy=4.7158
======================================================================

======================================================================
Episode 900/2000 | 进度: 45.0%
时间: 93.9分钟 | ETA: 114.8分钟 | 速度: 0.16 ep/s
----------------------------------------------------------------------
最近100轮: Avg Reward=6.465 | Avg Regret=3.4126 | Min Regret=0.0058
历史最佳: Avg Regret=2.6543 @ Episode 715
Loss: Policy=0.1320 | Value=2.2549 | Entropy=4.7403
======================================================================

======================================================================
Episode 910/2000 | 进度: 45.5%
时间: 95.0分钟 | ETA: 113.8分钟 | 速度: 0.16 ep/s
----------------------------------------------------------------------
最近100轮: Avg Reward=6.509 | Avg Regret=3.4583 | Min Regret=0.0058
历史最佳: Avg Regret=2.6543 @ Episode 715
Loss: Policy=0.2896 | Value=0.5516 | Entropy=4.7276
======================================================================

======================================================================
Episode 920/2000 | 进度: 46.0%
时间: 96.0分钟 | ETA: 112.7分钟 | 速度: 0.16 ep/s
----------------------------------------------------------------------
最近100轮: Avg Reward=6.035 | Avg Regret=3.6071 | Min Regret=0.0058
历史最佳: Avg Regret=2.6543 @ Episode 715
Loss: Policy=0.1727 | Value=1.1400 | Entropy=4.7263
======================================================================

======================================================================
Episode 930/2000 | 进度: 46.5%
时间: 97.0分钟 | ETA: 111.6分钟 | 速度: 0.16 ep/s
----------------------------------------------------------------------
最近100轮: Avg Reward=6.008 | Avg Regret=3.6688 | Min Regret=0.0058
历史最佳: Avg Regret=2.6543 @ Episode 715
Loss: Policy=-0.0226 | Value=1.0774 | Entropy=4.6154
======================================================================

======================================================================
Episode 940/2000 | 进度: 47.0%
时间: 98.0分钟 | ETA: 110.6分钟 | 速度: 0.16 ep/s
----------------------------------------------------------------------
最近100轮: Avg Reward=5.564 | Avg Regret=3.9237 | Min Regret=0.0058
历史最佳: Avg Regret=2.6543 @ Episode 715
Loss: Policy=-0.0223 | Value=2.3015 | Entropy=4.6180
======================================================================

======================================================================
Episode 950/2000 | 进度: 47.5%
时间: 99.1分钟 | ETA: 109.5分钟 | 速度: 0.16 ep/s
----------------------------------------------------------------------
最近100轮: Avg Reward=5.733 | Avg Regret=3.6890 | Min Regret=0.0058
历史最佳: Avg Regret=2.6543 @ Episode 715
Loss: Policy=0.1986 | Value=1.1829 | Entropy=4.6582
======================================================================

======================================================================
Episode 960/2000 | 进度: 48.0%
时间: 100.1分钟 | ETA: 108.5分钟 | 速度: 0.16 ep/s
----------------------------------------------------------------------
最近100轮: Avg Reward=5.741 | Avg Regret=3.6681 | Min Regret=0.0058
历史最佳: Avg Regret=2.6543 @ Episode 715
Loss: Policy=-0.0040 | Value=2.6356 | Entropy=4.6974
======================================================================

======================================================================
Episode 970/2000 | 进度: 48.5%
时间: 101.2分钟 | ETA: 107.5分钟 | 速度: 0.16 ep/s
----------------------------------------------------------------------
最近100轮: Avg Reward=5.850 | Avg Regret=3.5512 | Min Regret=0.0058
历史最佳: Avg Regret=2.6543 @ Episode 715
Loss: Policy=-0.0249 | Value=3.4868 | Entropy=4.7538
======================================================================

======================================================================
Episode 980/2000 | 进度: 49.0%
时间: 102.4分钟 | ETA: 106.5分钟 | 速度: 0.16 ep/s
----------------------------------------------------------------------
最近100轮: Avg Reward=5.841 | Avg Regret=3.5592 | Min Regret=0.0173
历史最佳: Avg Regret=2.6543 @ Episode 715
Loss: Policy=-0.2650 | Value=10.3191 | Entropy=4.7471
======================================================================

======================================================================
Episode 990/2000 | 进度: 49.5%
时间: 103.4分钟 | ETA: 105.5分钟 | 速度: 0.16 ep/s
----------------------------------------------------------------------
最近100轮: Avg Reward=5.519 | Avg Regret=3.5010 | Min Regret=0.0173
历史最佳: Avg Regret=2.6543 @ Episode 715
Loss: Policy=0.1176 | Value=2.0912 | Entropy=4.7283
======================================================================

======================================================================
Episode 1000/2000 | 进度: 50.0%
时间: 104.5分钟 | ETA: 104.5分钟 | 速度: 0.16 ep/s
----------------------------------------------------------------------
最近100轮: Avg Reward=5.703 | Avg Regret=3.4202 | Min Regret=0.0107
历史最佳: Avg Regret=2.6543 @ Episode 715
Loss: Policy=0.4012 | Value=2.2002 | Entropy=4.6660
======================================================================

模型已保存: ./runs/ppo_bo_1216v1/ppo_ep1000.pt

======================================================================
Episode 1010/2000 | 进度: 50.5%
时间: 105.5分钟 | ETA: 103.4分钟 | 速度: 0.16 ep/s
----------------------------------------------------------------------
最近100轮: Avg Reward=5.880 | Avg Regret=3.2576 | Min Regret=-0.0006
历史最佳: Avg Regret=2.6543 @ Episode 715
Loss: Policy=-0.3500 | Value=8.9181 | Entropy=4.7151
======================================================================

======================================================================
Episode 1020/2000 | 进度: 51.0%
时间: 106.5分钟 | ETA: 102.4分钟 | 速度: 0.16 ep/s
----------------------------------------------------------------------
最近100轮: Avg Reward=5.890 | Avg Regret=3.1213 | Min Regret=-0.0006
历史最佳: Avg Regret=2.6543 @ Episode 715
Loss: Policy=0.3439 | Value=2.0746 | Entropy=4.7253
======================================================================

======================================================================
Episode 1030/2000 | 进度: 51.5%
时间: 107.6分钟 | ETA: 101.3分钟 | 速度: 0.16 ep/s
----------------------------------------------------------------------
最近100轮: Avg Reward=5.904 | Avg Regret=3.2322 | Min Regret=-0.0006
历史最佳: Avg Regret=2.6543 @ Episode 715
Loss: Policy=-0.1305 | Value=8.6659 | Entropy=4.7715
======================================================================

======================================================================
Episode 1040/2000 | 进度: 52.0%
时间: 108.6分钟 | ETA: 100.3分钟 | 速度: 0.16 ep/s
----------------------------------------------------------------------
最近100轮: Avg Reward=6.155 | Avg Regret=2.9729 | Min Regret=-0.0006
历史最佳: Avg Regret=2.6543 @ Episode 715
Loss: Policy=-0.0417 | Value=1.8316 | Entropy=4.7533
======================================================================

======================================================================
Episode 1050/2000 | 进度: 52.5%
时间: 109.7分钟 | ETA: 99.2分钟 | 速度: 0.16 ep/s
----------------------------------------------------------------------
最近100轮: Avg Reward=6.036 | Avg Regret=3.0469 | Min Regret=-0.0006
历史最佳: Avg Regret=2.6543 @ Episode 715
Loss: Policy=0.3558 | Value=2.4609 | Entropy=4.7536
======================================================================

======================================================================
Episode 1060/2000 | 进度: 53.0%
时间: 110.7分钟 | ETA: 98.1分钟 | 速度: 0.16 ep/s
----------------------------------------------------------------------
最近100轮: Avg Reward=6.259 | Avg Regret=2.9993 | Min Regret=-0.0006
历史最佳: Avg Regret=2.6543 @ Episode 715
Loss: Policy=-0.3196 | Value=8.6285 | Entropy=4.7416
======================================================================

======================================================================
Episode 1070/2000 | 进度: 53.5%
时间: 111.7分钟 | ETA: 97.1分钟 | 速度: 0.16 ep/s
----------------------------------------------------------------------
最近100轮: Avg Reward=5.735 | Avg Regret=3.0515 | Min Regret=-0.0006
历史最佳: Avg Regret=2.6543 @ Episode 715
Loss: Policy=0.0809 | Value=3.7845 | Entropy=4.7449
======================================================================

======================================================================
Episode 1080/2000 | 进度: 54.0%
时间: 112.7分钟 | ETA: 96.0分钟 | 速度: 0.16 ep/s
----------------------------------------------------------------------
最近100轮: Avg Reward=5.530 | Avg Regret=3.2381 | Min Regret=-0.0006
历史最佳: Avg Regret=2.6543 @ Episode 715
Loss: Policy=-0.5971 | Value=5.2470 | Entropy=4.7457
======================================================================

======================================================================
Episode 1090/2000 | 进度: 54.5%
时间: 113.7分钟 | ETA: 94.9分钟 | 速度: 0.16 ep/s
----------------------------------------------------------------------
最近100轮: Avg Reward=5.858 | Avg Regret=3.6657 | Min Regret=-0.0006
历史最佳: Avg Regret=2.6543 @ Episode 715
Loss: Policy=0.3009 | Value=1.4029 | Entropy=4.7538
======================================================================

======================================================================
Episode 1100/2000 | 进度: 55.0%
时间: 114.7分钟 | ETA: 93.8分钟 | 速度: 0.16 ep/s
----------------------------------------------------------------------
最近100轮: Avg Reward=5.760 | Avg Regret=3.6127 | Min Regret=-0.0006
历史最佳: Avg Regret=2.6543 @ Episode 715
Loss: Policy=-0.7890 | Value=12.4201 | Entropy=4.7319
======================================================================

======================================================================
Episode 1110/2000 | 进度: 55.5%
时间: 115.7分钟 | ETA: 92.8分钟 | 速度: 0.16 ep/s
----------------------------------------------------------------------
最近100轮: Avg Reward=5.642 | Avg Regret=3.7230 | Min Regret=0.0151
历史最佳: Avg Regret=2.6543 @ Episode 715
Loss: Policy=-0.2992 | Value=4.6719 | Entropy=4.6962
======================================================================

======================================================================
Episode 1120/2000 | 进度: 56.0%
时间: 116.7分钟 | ETA: 91.7分钟 | 速度: 0.16 ep/s
----------------------------------------------------------------------
最近100轮: Avg Reward=5.545 | Avg Regret=3.7764 | Min Regret=0.0151
历史最佳: Avg Regret=2.6543 @ Episode 715
Loss: Policy=-0.1412 | Value=3.5144 | Entropy=4.6784
======================================================================

======================================================================
Episode 1130/2000 | 进度: 56.5%
时间: 117.7分钟 | ETA: 90.6分钟 | 速度: 0.16 ep/s
----------------------------------------------------------------------
最近100轮: Avg Reward=5.585 | Avg Regret=3.5760 | Min Regret=0.0151
历史最佳: Avg Regret=2.6543 @ Episode 715
Loss: Policy=0.4957 | Value=1.9147 | Entropy=4.6707
======================================================================

======================================================================
Episode 1140/2000 | 进度: 57.0%
时间: 118.7分钟 | ETA: 89.5分钟 | 速度: 0.16 ep/s
----------------------------------------------------------------------
最近100轮: Avg Reward=5.917 | Avg Regret=3.6274 | Min Regret=0.0146
历史最佳: Avg Regret=2.6543 @ Episode 715
Loss: Policy=0.0934 | Value=3.6201 | Entropy=4.6991
======================================================================

======================================================================
Episode 1150/2000 | 进度: 57.5%
时间: 119.6分钟 | ETA: 88.4分钟 | 速度: 0.16 ep/s
----------------------------------------------------------------------
最近100轮: Avg Reward=6.117 | Avg Regret=3.7932 | Min Regret=0.0146
历史最佳: Avg Regret=2.6543 @ Episode 715
Loss: Policy=-0.1543 | Value=2.8388 | Entropy=4.7331
======================================================================

======================================================================
Episode 1160/2000 | 进度: 58.0%
时间: 120.7分钟 | ETA: 87.4分钟 | 速度: 0.16 ep/s
----------------------------------------------------------------------
最近100轮: Avg Reward=5.923 | Avg Regret=3.8531 | Min Regret=0.0146
历史最佳: Avg Regret=2.6543 @ Episode 715
Loss: Policy=-0.1270 | Value=3.1242 | Entropy=4.7359
======================================================================

======================================================================
Episode 1170/2000 | 进度: 58.5%
时间: 121.7分钟 | ETA: 86.3分钟 | 速度: 0.16 ep/s
----------------------------------------------------------------------
最近100轮: Avg Reward=6.192 | Avg Regret=4.0636 | Min Regret=0.0146
历史最佳: Avg Regret=2.6543 @ Episode 715
Loss: Policy=0.0836 | Value=2.8341 | Entropy=4.7417
======================================================================

======================================================================
Episode 1180/2000 | 进度: 59.0%
时间: 122.6分钟 | ETA: 85.2分钟 | 速度: 0.16 ep/s
----------------------------------------------------------------------
最近100轮: Avg Reward=5.999 | Avg Regret=4.0044 | Min Regret=0.0146
历史最佳: Avg Regret=2.6543 @ Episode 715
Loss: Policy=0.1250 | Value=1.9423 | Entropy=4.7314
======================================================================

======================================================================
Episode 1190/2000 | 进度: 59.5%
时间: 123.6分钟 | ETA: 84.2分钟 | 速度: 0.16 ep/s
----------------------------------------------------------------------
最近100轮: Avg Reward=5.839 | Avg Regret=3.5791 | Min Regret=0.0146
历史最佳: Avg Regret=2.6543 @ Episode 715
Loss: Policy=0.5412 | Value=1.0001 | Entropy=4.6760
======================================================================

======================================================================
Episode 1200/2000 | 进度: 60.0%
时间: 124.6分钟 | ETA: 83.1分钟 | 速度: 0.16 ep/s
----------------------------------------------------------------------
最近100轮: Avg Reward=5.919 | Avg Regret=3.6798 | Min Regret=0.0146
历史最佳: Avg Regret=2.6543 @ Episode 715
Loss: Policy=-0.3910 | Value=8.3356 | Entropy=4.7318
======================================================================

模型已保存: ./runs/ppo_bo_1216v1/ppo_ep1200.pt

======================================================================
Episode 1210/2000 | 进度: 60.5%
时间: 125.6分钟 | ETA: 82.0分钟 | 速度: 0.16 ep/s
----------------------------------------------------------------------
最近100轮: Avg Reward=5.824 | Avg Regret=3.7647 | Min Regret=0.0146
历史最佳: Avg Regret=2.6543 @ Episode 715
Loss: Policy=0.1975 | Value=2.7545 | Entropy=4.6938
======================================================================

======================================================================
Episode 1220/2000 | 进度: 61.0%
时间: 126.6分钟 | ETA: 81.0分钟 | 速度: 0.16 ep/s
----------------------------------------------------------------------
最近100轮: Avg Reward=6.154 | Avg Regret=3.6875 | Min Regret=0.0146
历史最佳: Avg Regret=2.6543 @ Episode 715
Loss: Policy=-0.3371 | Value=2.1146 | Entropy=4.6955
======================================================================

======================================================================
Episode 1230/2000 | 进度: 61.5%
时间: 127.6分钟 | ETA: 79.9分钟 | 速度: 0.16 ep/s
----------------------------------------------------------------------
最近100轮: Avg Reward=6.447 | Avg Regret=3.5924 | Min Regret=0.0146
历史最佳: Avg Regret=2.6543 @ Episode 715
Loss: Policy=0.3847 | Value=1.9122 | Entropy=4.6866
======================================================================

======================================================================
Episode 1240/2000 | 进度: 62.0%
时间: 128.6分钟 | ETA: 78.8分钟 | 速度: 0.16 ep/s
----------------------------------------------------------------------
最近100轮: Avg Reward=6.278 | Avg Regret=3.6039 | Min Regret=0.0501
历史最佳: Avg Regret=2.6543 @ Episode 715
Loss: Policy=0.2473 | Value=1.5174 | Entropy=4.6809
======================================================================

======================================================================
Episode 1250/2000 | 进度: 62.5%
时间: 129.6分钟 | ETA: 77.8分钟 | 速度: 0.16 ep/s
----------------------------------------------------------------------
最近100轮: Avg Reward=6.168 | Avg Regret=3.4506 | Min Regret=0.0488
历史最佳: Avg Regret=2.6543 @ Episode 715
Loss: Policy=0.3561 | Value=0.7138 | Entropy=4.6235
======================================================================

======================================================================
Episode 1260/2000 | 进度: 63.0%
时间: 130.6分钟 | ETA: 76.7分钟 | 速度: 0.16 ep/s
----------------------------------------------------------------------
最近100轮: Avg Reward=6.295 | Avg Regret=3.3286 | Min Regret=0.0405
历史最佳: Avg Regret=2.6543 @ Episode 715
Loss: Policy=0.0343 | Value=6.9659 | Entropy=4.6601
======================================================================

======================================================================
Episode 1270/2000 | 进度: 63.5%
时间: 131.6分钟 | ETA: 75.6分钟 | 速度: 0.16 ep/s
----------------------------------------------------------------------
最近100轮: Avg Reward=6.565 | Avg Regret=3.1611 | Min Regret=0.0377
历史最佳: Avg Regret=2.6543 @ Episode 715
Loss: Policy=0.0307 | Value=2.5099 | Entropy=4.6385
======================================================================

======================================================================
Episode 1280/2000 | 进度: 64.0%
时间: 132.6分钟 | ETA: 74.6分钟 | 速度: 0.16 ep/s
----------------------------------------------------------------------
最近100轮: Avg Reward=7.081 | Avg Regret=3.3252 | Min Regret=0.0127
历史最佳: Avg Regret=2.6543 @ Episode 715
Loss: Policy=0.1686 | Value=9.6303 | Entropy=4.5952
======================================================================

======================================================================
Episode 1290/2000 | 进度: 64.5%
时间: 133.6分钟 | ETA: 73.5分钟 | 速度: 0.16 ep/s
----------------------------------------------------------------------
最近100轮: Avg Reward=7.247 | Avg Regret=3.6879 | Min Regret=0.0127
历史最佳: Avg Regret=2.6543 @ Episode 715
Loss: Policy=-0.5676 | Value=3.7007 | Entropy=4.6287
======================================================================

======================================================================
Episode 1300/2000 | 进度: 65.0%
时间: 134.6分钟 | ETA: 72.5分钟 | 速度: 0.16 ep/s
----------------------------------------------------------------------
最近100轮: Avg Reward=7.086 | Avg Regret=3.5470 | Min Regret=0.0127
历史最佳: Avg Regret=2.6543 @ Episode 715
Loss: Policy=-0.3932 | Value=4.2603 | Entropy=4.5855
======================================================================

======================================================================
Episode 1310/2000 | 进度: 65.5%
时间: 135.6分钟 | ETA: 71.4分钟 | 速度: 0.16 ep/s
----------------------------------------------------------------------
最近100轮: Avg Reward=7.085 | Avg Regret=3.3431 | Min Regret=0.0127
历史最佳: Avg Regret=2.6543 @ Episode 715
Loss: Policy=-0.1366 | Value=3.7163 | Entropy=4.6060
======================================================================

======================================================================
Episode 1320/2000 | 进度: 66.0%
时间: 136.6分钟 | ETA: 70.4分钟 | 速度: 0.16 ep/s
----------------------------------------------------------------------
最近100轮: Avg Reward=7.184 | Avg Regret=3.2276 | Min Regret=0.0127
历史最佳: Avg Regret=2.6543 @ Episode 715
Loss: Policy=-0.2720 | Value=4.7538 | Entropy=4.6756
======================================================================

======================================================================
Episode 1330/2000 | 进度: 66.5%
时间: 137.6分钟 | ETA: 69.3分钟 | 速度: 0.16 ep/s
----------------------------------------------------------------------
最近100轮: Avg Reward=6.982 | Avg Regret=3.2971 | Min Regret=0.0119
历史最佳: Avg Regret=2.6543 @ Episode 715
Loss: Policy=0.3792 | Value=2.8498 | Entropy=4.6531
======================================================================

======================================================================
Episode 1340/2000 | 进度: 67.0%
时间: 138.6分钟 | ETA: 68.2分钟 | 速度: 0.16 ep/s
----------------------------------------------------------------------
最近100轮: Avg Reward=6.841 | Avg Regret=3.4736 | Min Regret=0.0119
历史最佳: Avg Regret=2.6543 @ Episode 715
Loss: Policy=-0.0002 | Value=5.4126 | Entropy=4.7025
======================================================================

======================================================================
Episode 1350/2000 | 进度: 67.5%
时间: 139.6分钟 | ETA: 67.2分钟 | 速度: 0.16 ep/s
----------------------------------------------------------------------
最近100轮: Avg Reward=6.580 | Avg Regret=3.5251 | Min Regret=0.0119
历史最佳: Avg Regret=2.6543 @ Episode 715
Loss: Policy=0.0299 | Value=2.3624 | Entropy=4.6584
======================================================================

======================================================================
Episode 1360/2000 | 进度: 68.0%
时间: 140.6分钟 | ETA: 66.1分钟 | 速度: 0.16 ep/s
----------------------------------------------------------------------
最近100轮: Avg Reward=6.420 | Avg Regret=3.9155 | Min Regret=0.0119
历史最佳: Avg Regret=2.6543 @ Episode 715
Loss: Policy=0.3552 | Value=3.9618 | Entropy=4.6317
======================================================================

======================================================================
Episode 1370/2000 | 进度: 68.5%
时间: 141.5分钟 | ETA: 65.1分钟 | 速度: 0.16 ep/s
----------------------------------------------------------------------
最近100轮: Avg Reward=6.103 | Avg Regret=3.8634 | Min Regret=0.0119
历史最佳: Avg Regret=2.6543 @ Episode 715
Loss: Policy=-0.1544 | Value=4.0551 | Entropy=4.7080
======================================================================

======================================================================
Episode 1380/2000 | 进度: 69.0%
时间: 142.5分钟 | ETA: 64.0分钟 | 速度: 0.16 ep/s
----------------------------------------------------------------------
最近100轮: Avg Reward=5.819 | Avg Regret=3.7101 | Min Regret=0.0119
历史最佳: Avg Regret=2.6543 @ Episode 715
Loss: Policy=0.6898 | Value=5.1404 | Entropy=4.7285
======================================================================

======================================================================
Episode 1390/2000 | 进度: 69.5%
时间: 143.5分钟 | ETA: 63.0分钟 | 速度: 0.16 ep/s
----------------------------------------------------------------------
最近100轮: Avg Reward=6.133 | Avg Regret=3.2709 | Min Regret=0.0088
历史最佳: Avg Regret=2.6543 @ Episode 715
Loss: Policy=0.2433 | Value=2.5141 | Entropy=4.7691
======================================================================

======================================================================
Episode 1400/2000 | 进度: 70.0%
时间: 144.5分钟 | ETA: 61.9分钟 | 速度: 0.16 ep/s
----------------------------------------------------------------------
最近100轮: Avg Reward=6.113 | Avg Regret=3.3286 | Min Regret=0.0088
历史最佳: Avg Regret=2.6543 @ Episode 715
Loss: Policy=0.2852 | Value=2.4200 | Entropy=4.7311
======================================================================

模型已保存: ./runs/ppo_bo_1216v1/ppo_ep1400.pt

======================================================================
Episode 1410/2000 | 进度: 70.5%
时间: 145.6分钟 | ETA: 60.9分钟 | 速度: 0.16 ep/s
----------------------------------------------------------------------
最近100轮: Avg Reward=6.145 | Avg Regret=3.4161 | Min Regret=0.0088
历史最佳: Avg Regret=2.6543 @ Episode 715
Loss: Policy=-0.5964 | Value=1.9055 | Entropy=4.6875
======================================================================

======================================================================
Episode 1420/2000 | 进度: 71.0%
时间: 146.5分钟 | ETA: 59.9分钟 | 速度: 0.16 ep/s
----------------------------------------------------------------------
最近100轮: Avg Reward=6.217 | Avg Regret=3.6541 | Min Regret=0.0088
历史最佳: Avg Regret=2.6543 @ Episode 715
Loss: Policy=-0.0095 | Value=2.8226 | Entropy=4.7102
======================================================================

======================================================================
Episode 1430/2000 | 进度: 71.5%
时间: 147.5分钟 | ETA: 58.8分钟 | 速度: 0.16 ep/s
----------------------------------------------------------------------
最近100轮: Avg Reward=5.908 | Avg Regret=3.5180 | Min Regret=0.0088
历史最佳: Avg Regret=2.6543 @ Episode 715
Loss: Policy=0.1653 | Value=1.5488 | Entropy=4.7903
======================================================================

======================================================================
Episode 1440/2000 | 进度: 72.0%
时间: 148.5分钟 | ETA: 57.8分钟 | 速度: 0.16 ep/s
----------------------------------------------------------------------
最近100轮: Avg Reward=5.813 | Avg Regret=3.5876 | Min Regret=0.0088
历史最佳: Avg Regret=2.6543 @ Episode 715
Loss: Policy=0.2847 | Value=2.2742 | Entropy=4.7532
======================================================================

======================================================================
Episode 1450/2000 | 进度: 72.5%
时间: 149.5分钟 | ETA: 56.7分钟 | 速度: 0.16 ep/s
----------------------------------------------------------------------
最近100轮: Avg Reward=6.260 | Avg Regret=3.4703 | Min Regret=0.0088
历史最佳: Avg Regret=2.6543 @ Episode 715
Loss: Policy=-0.2405 | Value=3.9000 | Entropy=4.7618
======================================================================

======================================================================
Episode 1460/2000 | 进度: 73.0%
时间: 150.5分钟 | ETA: 55.7分钟 | 速度: 0.16 ep/s
----------------------------------------------------------------------
最近100轮: Avg Reward=6.264 | Avg Regret=3.1273 | Min Regret=0.0088
历史最佳: Avg Regret=2.6543 @ Episode 715
Loss: Policy=0.3469 | Value=8.6689 | Entropy=4.7101
======================================================================

======================================================================
Episode 1470/2000 | 进度: 73.5%
时间: 151.5分钟 | ETA: 54.6分钟 | 速度: 0.16 ep/s
----------------------------------------------------------------------
最近100轮: Avg Reward=6.373 | Avg Regret=3.1464 | Min Regret=0.0088
历史最佳: Avg Regret=2.6543 @ Episode 715
Loss: Policy=-0.0947 | Value=4.9617 | Entropy=4.7238
======================================================================

======================================================================
Episode 1480/2000 | 进度: 74.0%
时间: 152.5分钟 | ETA: 53.6分钟 | 速度: 0.16 ep/s
----------------------------------------------------------------------
最近100轮: Avg Reward=6.228 | Avg Regret=3.2136 | Min Regret=0.0088
历史最佳: Avg Regret=2.6543 @ Episode 715
Loss: Policy=-0.2404 | Value=1.2367 | Entropy=4.7830
======================================================================

======================================================================
Episode 1490/2000 | 进度: 74.5%
时间: 153.5分钟 | ETA: 52.6分钟 | 速度: 0.16 ep/s
----------------------------------------------------------------------
最近100轮: Avg Reward=6.104 | Avg Regret=3.3657 | Min Regret=0.0196
历史最佳: Avg Regret=2.6543 @ Episode 715
Loss: Policy=0.5051 | Value=1.9391 | Entropy=4.7756
======================================================================

======================================================================
Episode 1500/2000 | 进度: 75.0%
时间: 154.5分钟 | ETA: 51.5分钟 | 速度: 0.16 ep/s
----------------------------------------------------------------------
最近100轮: Avg Reward=6.009 | Avg Regret=3.4804 | Min Regret=0.0196
历史最佳: Avg Regret=2.6543 @ Episode 715
Loss: Policy=0.0572 | Value=3.6464 | Entropy=4.7877
======================================================================

======================================================================
Episode 1510/2000 | 进度: 75.5%
时间: 155.5分钟 | ETA: 50.5分钟 | 速度: 0.16 ep/s
----------------------------------------------------------------------
最近100轮: Avg Reward=5.718 | Avg Regret=3.6403 | Min Regret=0.0196
历史最佳: Avg Regret=2.6543 @ Episode 715
Loss: Policy=0.5130 | Value=1.5182 | Entropy=4.7412
======================================================================

======================================================================
Episode 1520/2000 | 进度: 76.0%
时间: 156.5分钟 | ETA: 49.4分钟 | 速度: 0.16 ep/s
----------------------------------------------------------------------
最近100轮: Avg Reward=5.596 | Avg Regret=3.3770 | Min Regret=0.0196
历史最佳: Avg Regret=2.6543 @ Episode 715
Loss: Policy=0.2331 | Value=1.9080 | Entropy=4.7126
======================================================================

======================================================================
Episode 1530/2000 | 进度: 76.5%
时间: 157.5分钟 | ETA: 48.4分钟 | 速度: 0.16 ep/s
----------------------------------------------------------------------
最近100轮: Avg Reward=5.753 | Avg Regret=3.4948 | Min Regret=0.0196
历史最佳: Avg Regret=2.6543 @ Episode 715
Loss: Policy=-0.1759 | Value=4.8486 | Entropy=4.7086
======================================================================

======================================================================
Episode 1540/2000 | 进度: 77.0%
时间: 158.5分钟 | ETA: 47.4分钟 | 速度: 0.16 ep/s
----------------------------------------------------------------------
最近100轮: Avg Reward=5.842 | Avg Regret=3.2553 | Min Regret=0.0196
历史最佳: Avg Regret=2.6543 @ Episode 715
Loss: Policy=0.4718 | Value=2.6772 | Entropy=4.6872
======================================================================

======================================================================
Episode 1550/2000 | 进度: 77.5%
时间: 159.5分钟 | ETA: 46.3分钟 | 速度: 0.16 ep/s
----------------------------------------------------------------------
最近100轮: Avg Reward=5.669 | Avg Regret=3.1742 | Min Regret=0.0196
历史最佳: Avg Regret=2.6543 @ Episode 715
Loss: Policy=0.2217 | Value=0.6262 | Entropy=4.7837
======================================================================

======================================================================
Episode 1560/2000 | 进度: 78.0%
时间: 160.5分钟 | ETA: 45.3分钟 | 速度: 0.16 ep/s
----------------------------------------------------------------------
最近100轮: Avg Reward=5.698 | Avg Regret=3.2005 | Min Regret=0.0490
历史最佳: Avg Regret=2.6543 @ Episode 715
Loss: Policy=0.1862 | Value=6.2681 | Entropy=4.7424
======================================================================

======================================================================
Episode 1570/2000 | 进度: 78.5%
时间: 161.5分钟 | ETA: 44.2分钟 | 速度: 0.16 ep/s
----------------------------------------------------------------------
最近100轮: Avg Reward=6.088 | Avg Regret=3.1824 | Min Regret=0.0490
历史最佳: Avg Regret=2.6543 @ Episode 715
Loss: Policy=0.2447 | Value=5.3245 | Entropy=4.7753
======================================================================

======================================================================
Episode 1580/2000 | 进度: 79.0%
时间: 162.5分钟 | ETA: 43.2分钟 | 速度: 0.16 ep/s
----------------------------------------------------------------------
最近100轮: Avg Reward=6.363 | Avg Regret=3.0493 | Min Regret=0.0017
历史最佳: Avg Regret=2.6543 @ Episode 715
Loss: Policy=-0.0007 | Value=1.9571 | Entropy=4.7783
======================================================================

======================================================================
Episode 1590/2000 | 进度: 79.5%
时间: 163.5分钟 | ETA: 42.2分钟 | 速度: 0.16 ep/s
----------------------------------------------------------------------
最近100轮: Avg Reward=6.177 | Avg Regret=2.9742 | Min Regret=0.0017
历史最佳: Avg Regret=2.6543 @ Episode 715
Loss: Policy=0.1883 | Value=3.6858 | Entropy=4.6980
======================================================================

======================================================================
Episode 1600/2000 | 进度: 80.0%
时间: 164.5分钟 | ETA: 41.1分钟 | 速度: 0.16 ep/s
----------------------------------------------------------------------
最近100轮: Avg Reward=6.412 | Avg Regret=2.8844 | Min Regret=0.0017
历史最佳: Avg Regret=2.6543 @ Episode 715
Loss: Policy=-0.2879 | Value=6.7907 | Entropy=4.7650
======================================================================

模型已保存: ./runs/ppo_bo_1216v1/ppo_ep1600.pt

======================================================================
Episode 1610/2000 | 进度: 80.5%
时间: 165.5分钟 | ETA: 40.1分钟 | 速度: 0.16 ep/s
----------------------------------------------------------------------
最近100轮: Avg Reward=6.633 | Avg Regret=2.7150 | Min Regret=0.0017
历史最佳: Avg Regret=2.6543 @ Episode 715
Loss: Policy=-0.6089 | Value=3.2216 | Entropy=4.7625
======================================================================

======================================================================
Episode 1620/2000 | 进度: 81.0%
时间: 166.5分钟 | ETA: 39.1分钟 | 速度: 0.16 ep/s
----------------------------------------------------------------------
最近100轮: Avg Reward=6.658 | Avg Regret=2.8871 | Min Regret=0.0017
历史最佳: Avg Regret=2.6543 @ Episode 715
Loss: Policy=-0.0329 | Value=4.3144 | Entropy=4.7780
======================================================================

======================================================================
Episode 1630/2000 | 进度: 81.5%
时间: 167.5分钟 | ETA: 38.0分钟 | 速度: 0.16 ep/s
----------------------------------------------------------------------
最近100轮: Avg Reward=6.626 | Avg Regret=2.8360 | Min Regret=0.0017
历史最佳: Avg Regret=2.6543 @ Episode 715
Loss: Policy=-0.4830 | Value=7.8498 | Entropy=4.7062
======================================================================

======================================================================
Episode 1640/2000 | 进度: 82.0%
时间: 168.5分钟 | ETA: 37.0分钟 | 速度: 0.16 ep/s
----------------------------------------------------------------------
最近100轮: Avg Reward=6.544 | Avg Regret=2.7696 | Min Regret=0.0017
历史最佳: Avg Regret=2.6543 @ Episode 715
Loss: Policy=0.6362 | Value=1.3396 | Entropy=4.7756
======================================================================

======================================================================
Episode 1650/2000 | 进度: 82.5%
时间: 169.5分钟 | ETA: 36.0分钟 | 速度: 0.16 ep/s
----------------------------------------------------------------------
最近100轮: Avg Reward=6.702 | Avg Regret=2.8542 | Min Regret=0.0017
历史最佳: Avg Regret=2.6543 @ Episode 715
Loss: Policy=-1.0251 | Value=11.3213 | Entropy=4.7351
======================================================================

======================================================================
Episode 1660/2000 | 进度: 83.0%
时间: 170.5分钟 | ETA: 34.9分钟 | 速度: 0.16 ep/s
----------------------------------------------------------------------
最近100轮: Avg Reward=6.652 | Avg Regret=2.9069 | Min Regret=0.0017
历史最佳: Avg Regret=2.6543 @ Episode 715
Loss: Policy=-0.0936 | Value=5.3580 | Entropy=4.7368
======================================================================

======================================================================
Episode 1670/2000 | 进度: 83.5%
时间: 171.5分钟 | ETA: 33.9分钟 | 速度: 0.16 ep/s
----------------------------------------------------------------------
最近100轮: Avg Reward=6.003 | Avg Regret=2.8504 | Min Regret=0.0017
历史最佳: Avg Regret=2.6543 @ Episode 715
Loss: Policy=0.2623 | Value=0.4765 | Entropy=4.6530
======================================================================

======================================================================
Episode 1680/2000 | 进度: 84.0%
时间: 172.5分钟 | ETA: 32.9分钟 | 速度: 0.16 ep/s
----------------------------------------------------------------------
最近100轮: Avg Reward=5.610 | Avg Regret=2.9388 | Min Regret=0.0264
历史最佳: Avg Regret=2.6543 @ Episode 715
Loss: Policy=0.1582 | Value=4.3504 | Entropy=4.6418
======================================================================

======================================================================
Episode 1690/2000 | 进度: 84.5%
时间: 173.5分钟 | ETA: 31.8分钟 | 速度: 0.16 ep/s
----------------------------------------------------------------------
最近100轮: Avg Reward=5.741 | Avg Regret=2.7962 | Min Regret=-0.0059
历史最佳: Avg Regret=2.6543 @ Episode 715
Loss: Policy=0.1287 | Value=4.1049 | Entropy=4.6917
======================================================================

======================================================================
Episode 1700/2000 | 进度: 85.0%
时间: 174.5分钟 | ETA: 30.8分钟 | 速度: 0.16 ep/s
----------------------------------------------------------------------
最近100轮: Avg Reward=5.762 | Avg Regret=2.9497 | Min Regret=-0.0059
历史最佳: Avg Regret=2.6543 @ Episode 715
Loss: Policy=-0.0511 | Value=2.1143 | Entropy=4.7067
======================================================================

======================================================================
Episode 1710/2000 | 进度: 85.5%
时间: 175.5分钟 | ETA: 29.8分钟 | 速度: 0.16 ep/s
----------------------------------------------------------------------
最近100轮: Avg Reward=5.883 | Avg Regret=3.0357 | Min Regret=-0.0059
历史最佳: Avg Regret=2.6543 @ Episode 715
Loss: Policy=-0.0864 | Value=1.1266 | Entropy=4.8183
======================================================================

======================================================================
Episode 1720/2000 | 进度: 86.0%
时间: 176.5分钟 | ETA: 28.7分钟 | 速度: 0.16 ep/s
----------------------------------------------------------------------
最近100轮: Avg Reward=5.699 | Avg Regret=3.0688 | Min Regret=-0.0059
历史最佳: Avg Regret=2.6543 @ Episode 715
Loss: Policy=-1.0202 | Value=7.5524 | Entropy=4.7442
======================================================================

======================================================================
Episode 1730/2000 | 进度: 86.5%
时间: 177.5分钟 | ETA: 27.7分钟 | 速度: 0.16 ep/s
----------------------------------------------------------------------
最近100轮: Avg Reward=5.850 | Avg Regret=3.1610 | Min Regret=-0.0059
历史最佳: Avg Regret=2.6543 @ Episode 715
Loss: Policy=0.3830 | Value=2.6790 | Entropy=4.7679
======================================================================

======================================================================
Episode 1740/2000 | 进度: 87.0%
时间: 178.4分钟 | ETA: 26.7分钟 | 速度: 0.16 ep/s
----------------------------------------------------------------------
最近100轮: Avg Reward=5.905 | Avg Regret=3.4465 | Min Regret=-0.0059
历史最佳: Avg Regret=2.6543 @ Episode 715
Loss: Policy=0.2046 | Value=3.6409 | Entropy=4.7701
======================================================================

======================================================================
Episode 1750/2000 | 进度: 87.5%
时间: 179.4分钟 | ETA: 25.6分钟 | 速度: 0.16 ep/s
----------------------------------------------------------------------
最近100轮: Avg Reward=5.756 | Avg Regret=3.3896 | Min Regret=-0.0059
历史最佳: Avg Regret=2.6543 @ Episode 715
Loss: Policy=0.4183 | Value=2.5445 | Entropy=4.7653
======================================================================

======================================================================
Episode 1760/2000 | 进度: 88.0%
时间: 180.4分钟 | ETA: 24.6分钟 | 速度: 0.16 ep/s
----------------------------------------------------------------------
最近100轮: Avg Reward=5.690 | Avg Regret=3.4705 | Min Regret=-0.0059
历史最佳: Avg Regret=2.6543 @ Episode 715
Loss: Policy=-0.1049 | Value=4.2124 | Entropy=4.7577
======================================================================

======================================================================
Episode 1770/2000 | 进度: 88.5%
时间: 181.4分钟 | ETA: 23.6分钟 | 速度: 0.16 ep/s
----------------------------------------------------------------------
最近100轮: Avg Reward=5.854 | Avg Regret=3.6566 | Min Regret=-0.0059
历史最佳: Avg Regret=2.6543 @ Episode 715
Loss: Policy=0.0421 | Value=12.1800 | Entropy=4.7649
======================================================================

======================================================================
Episode 1780/2000 | 进度: 89.0%
时间: 182.4分钟 | ETA: 22.5分钟 | 速度: 0.16 ep/s
----------------------------------------------------------------------
最近100轮: Avg Reward=5.992 | Avg Regret=3.6591 | Min Regret=-0.0059
历史最佳: Avg Regret=2.6543 @ Episode 715
Loss: Policy=-0.6317 | Value=3.7192 | Entropy=4.7586
======================================================================

======================================================================
Episode 1790/2000 | 进度: 89.5%
时间: 183.4分钟 | ETA: 21.5分钟 | 速度: 0.16 ep/s
----------------------------------------------------------------------
最近100轮: Avg Reward=6.092 | Avg Regret=3.8892 | Min Regret=0.0067
历史最佳: Avg Regret=2.6543 @ Episode 715
Loss: Policy=-0.0704 | Value=4.9428 | Entropy=4.7681
======================================================================

======================================================================
Episode 1800/2000 | 进度: 90.0%
时间: 184.4分钟 | ETA: 20.5分钟 | 速度: 0.16 ep/s
----------------------------------------------------------------------
最近100轮: Avg Reward=6.018 | Avg Regret=3.5961 | Min Regret=0.0645
历史最佳: Avg Regret=2.6543 @ Episode 715
Loss: Policy=-0.0273 | Value=3.8608 | Entropy=4.8122
======================================================================

模型已保存: ./runs/ppo_bo_1216v1/ppo_ep1800.pt

======================================================================
Episode 1810/2000 | 进度: 90.5%
时间: 185.4分钟 | ETA: 19.5分钟 | 速度: 0.16 ep/s
----------------------------------------------------------------------
最近100轮: Avg Reward=6.203 | Avg Regret=3.5149 | Min Regret=0.0645
历史最佳: Avg Regret=2.6543 @ Episode 715
Loss: Policy=-0.5862 | Value=1.7892 | Entropy=4.7516
======================================================================

======================================================================
Episode 1820/2000 | 进度: 91.0%
时间: 186.4分钟 | ETA: 18.4分钟 | 速度: 0.16 ep/s
----------------------------------------------------------------------
最近100轮: Avg Reward=6.273 | Avg Regret=3.3610 | Min Regret=0.0295
历史最佳: Avg Regret=2.6543 @ Episode 715
Loss: Policy=0.6882 | Value=6.3769 | Entropy=4.6995
======================================================================

======================================================================
Episode 1830/2000 | 进度: 91.5%
时间: 187.4分钟 | ETA: 17.4分钟 | 速度: 0.16 ep/s
----------------------------------------------------------------------
最近100轮: Avg Reward=6.075 | Avg Regret=3.4570 | Min Regret=0.0295
历史最佳: Avg Regret=2.6543 @ Episode 715
Loss: Policy=0.2979 | Value=1.2533 | Entropy=4.7031
======================================================================

======================================================================
Episode 1840/2000 | 进度: 92.0%
时间: 188.4分钟 | ETA: 16.4分钟 | 速度: 0.16 ep/s
----------------------------------------------------------------------
最近100轮: Avg Reward=5.935 | Avg Regret=3.2735 | Min Regret=0.0295
历史最佳: Avg Regret=2.6543 @ Episode 715
Loss: Policy=0.1324 | Value=0.7294 | Entropy=4.7411
======================================================================

======================================================================
Episode 1850/2000 | 进度: 92.5%
时间: 189.4分钟 | ETA: 15.4分钟 | 速度: 0.16 ep/s
----------------------------------------------------------------------
最近100轮: Avg Reward=5.966 | Avg Regret=3.3472 | Min Regret=0.0295
历史最佳: Avg Regret=2.6543 @ Episode 715
Loss: Policy=-0.2906 | Value=5.3221 | Entropy=4.7208
======================================================================

======================================================================
Episode 1860/2000 | 进度: 93.0%
时间: 190.4分钟 | ETA: 14.3分钟 | 速度: 0.16 ep/s
----------------------------------------------------------------------
最近100轮: Avg Reward=5.978 | Avg Regret=3.2758 | Min Regret=0.0295
历史最佳: Avg Regret=2.6543 @ Episode 715
Loss: Policy=0.1397 | Value=0.9059 | Entropy=4.7772
======================================================================

======================================================================
Episode 1870/2000 | 进度: 93.5%
时间: 191.4分钟 | ETA: 13.3分钟 | 速度: 0.16 ep/s
----------------------------------------------------------------------
最近100轮: Avg Reward=6.051 | Avg Regret=3.0970 | Min Regret=0.0295
历史最佳: Avg Regret=2.6543 @ Episode 715
Loss: Policy=0.4773 | Value=1.9425 | Entropy=4.7252
======================================================================

======================================================================
Episode 1880/2000 | 进度: 94.0%
时间: 192.4分钟 | ETA: 12.3分钟 | 速度: 0.16 ep/s
----------------------------------------------------------------------
最近100轮: Avg Reward=5.992 | Avg Regret=3.1993 | Min Regret=0.0295
历史最佳: Avg Regret=2.6543 @ Episode 715
Loss: Policy=-0.7096 | Value=3.8703 | Entropy=4.6850
======================================================================

======================================================================
Episode 1890/2000 | 进度: 94.5%
时间: 193.4分钟 | ETA: 11.3分钟 | 速度: 0.16 ep/s
----------------------------------------------------------------------
最近100轮: Avg Reward=5.948 | Avg Regret=3.2757 | Min Regret=0.0295
历史最佳: Avg Regret=2.6543 @ Episode 715
Loss: Policy=-0.2838 | Value=1.0416 | Entropy=4.7221
======================================================================

======================================================================
Episode 1900/2000 | 进度: 95.0%
时间: 194.4分钟 | ETA: 10.2分钟 | 速度: 0.16 ep/s
----------------------------------------------------------------------
最近100轮: Avg Reward=5.823 | Avg Regret=3.5824 | Min Regret=0.0295
历史最佳: Avg Regret=2.6543 @ Episode 715
Loss: Policy=0.3329 | Value=1.4918 | Entropy=4.7386
======================================================================

======================================================================
Episode 1910/2000 | 进度: 95.5%
时间: 195.4分钟 | ETA: 9.2分钟 | 速度: 0.16 ep/s
----------------------------------------------------------------------
最近100轮: Avg Reward=5.552 | Avg Regret=3.5087 | Min Regret=0.0295
历史最佳: Avg Regret=2.6543 @ Episode 715
Loss: Policy=0.1153 | Value=4.2494 | Entropy=4.7401
======================================================================

======================================================================
Episode 1920/2000 | 进度: 96.0%
时间: 196.4分钟 | ETA: 8.2分钟 | 速度: 0.16 ep/s
----------------------------------------------------------------------
最近100轮: Avg Reward=5.572 | Avg Regret=3.6359 | Min Regret=0.0457
历史最佳: Avg Regret=2.6543 @ Episode 715
Loss: Policy=0.1387 | Value=1.9935 | Entropy=4.7067
======================================================================

======================================================================
Episode 1930/2000 | 进度: 96.5%
时间: 197.4分钟 | ETA: 7.2分钟 | 速度: 0.16 ep/s
----------------------------------------------------------------------
最近100轮: Avg Reward=5.517 | Avg Regret=3.5658 | Min Regret=0.0457
历史最佳: Avg Regret=2.6543 @ Episode 715
Loss: Policy=-0.0353 | Value=1.8675 | Entropy=4.7304
======================================================================

======================================================================
Episode 1940/2000 | 进度: 97.0%
时间: 198.3分钟 | ETA: 6.1分钟 | 速度: 0.16 ep/s
----------------------------------------------------------------------
最近100轮: Avg Reward=5.395 | Avg Regret=3.7105 | Min Regret=0.0457
历史最佳: Avg Regret=2.6543 @ Episode 715
Loss: Policy=-0.0555 | Value=0.3575 | Entropy=4.7282
======================================================================

======================================================================
Episode 1950/2000 | 进度: 97.5%
时间: 199.3分钟 | ETA: 5.1分钟 | 速度: 0.16 ep/s
----------------------------------------------------------------------
最近100轮: Avg Reward=5.728 | Avg Regret=3.6505 | Min Regret=0.0203
历史最佳: Avg Regret=2.6543 @ Episode 715
Loss: Policy=-0.1352 | Value=2.8071 | Entropy=4.7423
======================================================================

======================================================================
Episode 1960/2000 | 进度: 98.0%
时间: 200.3分钟 | ETA: 4.1分钟 | 速度: 0.16 ep/s
----------------------------------------------------------------------
最近100轮: Avg Reward=5.632 | Avg Regret=3.8419 | Min Regret=0.0203
历史最佳: Avg Regret=2.6543 @ Episode 715
Loss: Policy=-0.4989 | Value=1.4568 | Entropy=4.7183
======================================================================

======================================================================
Episode 1970/2000 | 进度: 98.5%
时间: 201.3分钟 | ETA: 3.1分钟 | 速度: 0.16 ep/s
----------------------------------------------------------------------
最近100轮: Avg Reward=5.864 | Avg Regret=3.8623 | Min Regret=0.0203
历史最佳: Avg Regret=2.6543 @ Episode 715
Loss: Policy=0.0828 | Value=6.1541 | Entropy=4.7173
======================================================================

======================================================================
Episode 1980/2000 | 进度: 99.0%
时间: 202.3分钟 | ETA: 2.0分钟 | 速度: 0.16 ep/s
----------------------------------------------------------------------
最近100轮: Avg Reward=6.015 | Avg Regret=3.8709 | Min Regret=0.0203
历史最佳: Avg Regret=2.6543 @ Episode 715
Loss: Policy=0.0819 | Value=2.6239 | Entropy=4.7234
======================================================================

======================================================================
Episode 1990/2000 | 进度: 99.5%
时间: 203.3分钟 | ETA: 1.0分钟 | 速度: 0.16 ep/s
----------------------------------------------------------------------
最近100轮: Avg Reward=5.842 | Avg Regret=3.8127 | Min Regret=0.0203
历史最佳: Avg Regret=2.6543 @ Episode 715
Loss: Policy=0.0374 | Value=4.9082 | Entropy=4.7092
======================================================================

======================================================================
Episode 2000/2000 | 进度: 100.0%
时间: 204.3分钟 | ETA: 0.0分钟 | 速度: 0.16 ep/s
----------------------------------------------------------------------
最近100轮: Avg Reward=5.960 | Avg Regret=3.8230 | Min Regret=0.0203
历史最佳: Avg Regret=2.6543 @ Episode 715
Loss: Policy=0.3666 | Value=1.3128 | Entropy=4.7003
======================================================================

模型已保存: ./runs/ppo_bo_1216v1/ppo_ep2000.pt

最终模型已保存: ./runs/ppo_bo_1216v1/ppo_final.pt

训练完成！总耗时: 204.3分钟
最佳平均 Regret: 2.6543 @ Episode 715
+ cleanup
++ date +%s
+ end_time=1765878830
+ runtime=12295
++ date
++ hostname
+ echo '任务在 Tue Dec 16 04:53:50 EST 2025 结束或中断 (hostname=r4518u05n01.misha.ycrc.yale.edu)'
任务在 Tue Dec 16 04:53:50 EST 2025 结束或中断 (hostname=r4518u05n01.misha.ycrc.yale.edu)
+ echo '总耗时: 3 小时 24 分钟 55 秒'
总耗时: 3 小时 24 分钟 55 秒
